2025-01-01T18:04:55.166+07:00  INFO 20440 --- [connectionDB] [main] c.c.database.ConnectionDBApplication     : Starting ConnectionDBApplication using Java 21.0.5 with PID 20440 (N:\Project\Java_Project\this_is_java\Spring\connection_db\target\classes started by nhanph in N:\Project\Java_Project\this_is_java\Spring\connection_db)
2025-01-01T18:04:55.184+07:00  INFO 20440 --- [connectionDB] [main] c.c.database.ConnectionDBApplication     : No active profile set, falling back to 1 default profile: "default"
2025-01-01T18:04:56.137+07:00  INFO 20440 --- [connectionDB] [main] .s.d.r.c.RepositoryConfigurationDelegate : Bootstrapping Spring Data JPA repositories in DEFAULT mode.
2025-01-01T18:04:56.227+07:00  INFO 20440 --- [connectionDB] [main] .s.d.r.c.RepositoryConfigurationDelegate : Finished Spring Data repository scanning in 72 ms. Found 1 JPA repository interface.
2025-01-01T18:04:57.279+07:00  INFO 20440 --- [connectionDB] [main] o.s.b.w.embedded.tomcat.TomcatWebServer  : Tomcat initialized with port 8080 (http)
2025-01-01T18:04:57.297+07:00  INFO 20440 --- [connectionDB] [main] o.apache.catalina.core.StandardService   : Starting service [Tomcat]
2025-01-01T18:04:57.297+07:00  INFO 20440 --- [connectionDB] [main] o.apache.catalina.core.StandardEngine    : Starting Servlet engine: [Apache Tomcat/10.1.33]
2025-01-01T18:04:57.370+07:00  INFO 20440 --- [connectionDB] [main] o.a.c.c.C.[Tomcat].[localhost].[/]       : Initializing Spring embedded WebApplicationContext
2025-01-01T18:04:57.371+07:00  INFO 20440 --- [connectionDB] [main] w.s.c.ServletWebServerApplicationContext : Root WebApplicationContext: initialization completed in 2095 ms
2025-01-01T18:04:57.448+07:00  INFO 20440 --- [connectionDB] [main] com.zaxxer.hikari.HikariDataSource       : HikariPool-1 - Starting...
2025-01-01T18:04:57.894+07:00  INFO 20440 --- [connectionDB] [main] com.zaxxer.hikari.pool.HikariPool        : HikariPool-1 - Added connection com.mysql.cj.jdbc.ConnectionImpl@5ef85555
2025-01-01T18:04:57.897+07:00  INFO 20440 --- [connectionDB] [main] com.zaxxer.hikari.HikariDataSource       : HikariPool-1 - Start completed.
2025-01-01T18:04:57.991+07:00  INFO 20440 --- [connectionDB] [main] o.hibernate.jpa.internal.util.LogHelper  : HHH000204: Processing PersistenceUnitInfo [name: default]
2025-01-01T18:04:58.063+07:00  INFO 20440 --- [connectionDB] [main] org.hibernate.Version                    : HHH000412: Hibernate ORM core version 6.6.0.Final
2025-01-01T18:04:58.109+07:00  INFO 20440 --- [connectionDB] [main] o.h.c.internal.RegionFactoryInitiator    : HHH000026: Second-level cache disabled
2025-01-01T18:04:58.457+07:00  INFO 20440 --- [connectionDB] [main] o.s.o.j.p.SpringPersistenceUnitInfo      : No LoadTimeWeaver setup: ignoring JPA class transformer
2025-01-01T18:04:59.543+07:00  INFO 20440 --- [connectionDB] [main] o.h.e.t.j.p.i.JtaPlatformInitiator       : HHH000489: No JTA platform available (set 'hibernate.transaction.jta.platform' to enable JTA platform integration)
2025-01-01T18:04:59.600+07:00  INFO 20440 --- [connectionDB] [main] j.LocalContainerEntityManagerFactoryBean : Initialized JPA EntityManagerFactory for persistence unit 'default'
2025-01-01T18:04:59.907+07:00  INFO 20440 --- [connectionDB] [main] o.s.d.j.r.query.QueryEnhancerFactory     : Hibernate is in classpath; If applicable, HQL parser will be used.
2025-01-01T18:05:00.600+07:00  WARN 20440 --- [connectionDB] [main] JpaBaseConfiguration$JpaWebConfiguration : spring.jpa.open-in-view is enabled by default. Therefore, database queries may be performed during view rendering. Explicitly configure spring.jpa.open-in-view to disable this warning
2025-01-01T18:05:00.947+07:00  INFO 20440 --- [connectionDB] [main] o.s.b.w.embedded.tomcat.TomcatWebServer  : Tomcat started on port 8080 (http) with context path '/'
2025-01-01T18:05:00.956+07:00  INFO 20440 --- [connectionDB] [main] c.c.database.ConnectionDBApplication     : Started ConnectionDBApplication in 6.709 seconds (process running for 8.415)
