2025-01-02T09:55:03.373+07:00  INFO 16604 --- [memory] [main] c.connection.database.MemoryApplication  : Starting MemoryApplication using Java 21.0.5 with PID 16604 (N:\Git Nhan Pham\this_is_java\spring\cache\memory\target\classes started by nhanph in N:\Git Nhan Pham\this_is_java\spring\cache\memory)
2025-01-02T09:55:03.380+07:00  INFO 16604 --- [memory] [main] c.connection.database.MemoryApplication  : No active profile set, falling back to 1 default profile: "default"
2025-01-02T09:55:03.956+07:00  INFO 16604 --- [memory] [main] .s.d.r.c.RepositoryConfigurationDelegate : Multiple Spring Data modules found, entering strict repository configuration mode
2025-01-02T09:55:03.957+07:00  INFO 16604 --- [memory] [main] .s.d.r.c.RepositoryConfigurationDelegate : Bootstrapping Spring Data JPA repositories in DEFAULT mode.
2025-01-02T09:55:04.075+07:00  INFO 16604 --- [memory] [main] .s.d.r.c.RepositoryConfigurationDelegate : Finished Spring Data repository scanning in 109 ms. Found 3 JPA repository interfaces.
2025-01-02T09:55:04.235+07:00  INFO 16604 --- [memory] [main] .s.d.r.c.RepositoryConfigurationDelegate : Multiple Spring Data modules found, entering strict repository configuration mode
2025-01-02T09:55:04.236+07:00  INFO 16604 --- [memory] [main] .s.d.r.c.RepositoryConfigurationDelegate : Bootstrapping Spring Data Redis repositories in DEFAULT mode.
2025-01-02T09:55:04.254+07:00  INFO 16604 --- [memory] [main] .RepositoryConfigurationExtensionSupport : Spring Data Redis - Could not safely identify store assignment for repository candidate interface com.connection.database.repository.jpa.AccountJPARepository; If you want this repository to be a Redis repository, consider annotating your entities with one of these annotations: org.springframework.data.redis.core.RedisHash (preferred), or consider extending one of the following types with your repository: org.springframework.data.keyvalue.repository.KeyValueRepository
2025-01-02T09:55:04.255+07:00  INFO 16604 --- [memory] [main] .RepositoryConfigurationExtensionSupport : Spring Data Redis - Could not safely identify store assignment for repository candidate interface com.connection.database.repository.jpa.CustomerJPARepository; If you want this repository to be a Redis repository, consider annotating your entities with one of these annotations: org.springframework.data.redis.core.RedisHash (preferred), or consider extending one of the following types with your repository: org.springframework.data.keyvalue.repository.KeyValueRepository
2025-01-02T09:55:04.255+07:00  INFO 16604 --- [memory] [main] .RepositoryConfigurationExtensionSupport : Spring Data Redis - Could not safely identify store assignment for repository candidate interface com.connection.database.repository.jpa.TransactionJPARepository; If you want this repository to be a Redis repository, consider annotating your entities with one of these annotations: org.springframework.data.redis.core.RedisHash (preferred), or consider extending one of the following types with your repository: org.springframework.data.keyvalue.repository.KeyValueRepository
2025-01-02T09:55:04.255+07:00  INFO 16604 --- [memory] [main] .s.d.r.c.RepositoryConfigurationDelegate : Finished Spring Data repository scanning in 10 ms. Found 0 Redis repository interfaces.
2025-01-02T09:55:04.637+07:00  INFO 16604 --- [memory] [main] o.s.b.w.embedded.tomcat.TomcatWebServer  : Tomcat initialized with port 8080 (http)
2025-01-02T09:55:04.646+07:00  INFO 16604 --- [memory] [main] o.apache.catalina.core.StandardService   : Starting service [Tomcat]
2025-01-02T09:55:04.646+07:00  INFO 16604 --- [memory] [main] o.apache.catalina.core.StandardEngine    : Starting Servlet engine: [Apache Tomcat/10.1.33]
2025-01-02T09:55:04.690+07:00  INFO 16604 --- [memory] [main] o.a.c.c.C.[Tomcat].[localhost].[/]       : Initializing Spring embedded WebApplicationContext
2025-01-02T09:55:04.690+07:00  INFO 16604 --- [memory] [main] w.s.c.ServletWebServerApplicationContext : Root WebApplicationContext: initialization completed in 1274 ms
2025-01-02T09:55:04.737+07:00  INFO 16604 --- [memory] [main] com.zaxxer.hikari.HikariDataSource       : HikariPool-1 - Starting...
2025-01-02T09:55:05.043+07:00  INFO 16604 --- [memory] [main] com.zaxxer.hikari.pool.HikariPool        : HikariPool-1 - Added connection com.mysql.cj.jdbc.ConnectionImpl@28daf506
2025-01-02T09:55:05.045+07:00  INFO 16604 --- [memory] [main] com.zaxxer.hikari.HikariDataSource       : HikariPool-1 - Start completed.
2025-01-02T09:55:05.105+07:00  INFO 16604 --- [memory] [main] o.hibernate.jpa.internal.util.LogHelper  : HHH000204: Processing PersistenceUnitInfo [name: default]
2025-01-02T09:55:05.166+07:00  INFO 16604 --- [memory] [main] org.hibernate.Version                    : HHH000412: Hibernate ORM core version 6.6.2.Final
2025-01-02T09:55:05.193+07:00  INFO 16604 --- [memory] [main] o.h.c.internal.RegionFactoryInitiator    : HHH000026: Second-level cache disabled
2025-01-02T09:55:05.483+07:00  INFO 16604 --- [memory] [main] o.s.o.j.p.SpringPersistenceUnitInfo      : No LoadTimeWeaver setup: ignoring JPA class transformer
2025-01-02T09:55:05.613+07:00  INFO 16604 --- [memory] [main] org.hibernate.orm.connections.pooling    : HHH10001005: Database info:
	Database JDBC URL [Connecting through datasource 'HikariDataSource (HikariPool-1)']
	Database driver: undefined/unknown
	Database version: 8.0.40
	Autocommit mode: undefined/unknown
	Isolation level: undefined/unknown
	Minimum pool size: undefined/unknown
	Maximum pool size: undefined/unknown
2025-01-02T09:55:06.242+07:00  INFO 16604 --- [memory] [main] o.h.e.t.j.p.i.JtaPlatformInitiator       : HHH000489: No JTA platform available (set 'hibernate.transaction.jta.platform' to enable JTA platform integration)
2025-01-02T09:55:06.324+07:00  INFO 16604 --- [memory] [main] j.LocalContainerEntityManagerFactoryBean : Initialized JPA EntityManagerFactory for persistence unit 'default'
2025-01-02T09:55:06.533+07:00  INFO 16604 --- [memory] [main] o.s.d.j.r.query.QueryEnhancerFactory     : Hibernate is in classpath; If applicable, HQL parser will be used.
2025-01-02T09:55:07.242+07:00  WARN 16604 --- [memory] [main] JpaBaseConfiguration$JpaWebConfiguration : spring.jpa.open-in-view is enabled by default. Therefore, database queries may be performed during view rendering. Explicitly configure spring.jpa.open-in-view to disable this warning
2025-01-02T09:55:07.525+07:00  INFO 16604 --- [memory] [main] o.s.b.w.embedded.tomcat.TomcatWebServer  : Tomcat started on port 8080 (http) with context path '/'
2025-01-02T09:55:07.530+07:00  INFO 16604 --- [memory] [main] c.connection.database.MemoryApplication  : Started MemoryApplication in 4.493 seconds (process running for 5.059)
2025-01-02T09:55:59.690+07:00  INFO 16604 --- [memory] [http-nio-8080-exec-3] o.a.c.c.C.[Tomcat].[localhost].[/]       : Initializing Spring DispatcherServlet 'dispatcherServlet'
2025-01-02T09:55:59.690+07:00  INFO 16604 --- [memory] [http-nio-8080-exec-3] o.s.web.servlet.DispatcherServlet        : Initializing Servlet 'dispatcherServlet'
2025-01-02T09:55:59.691+07:00  INFO 16604 --- [memory] [http-nio-8080-exec-3] o.s.web.servlet.DispatcherServlet        : Completed initialization in 1 ms
2025-01-02T09:55:59.891+07:00 ERROR 16604 --- [memory] [http-nio-8080-exec-3] o.a.c.c.C.[.[.[/].[dispatcherServlet]    : Servlet.service() for servlet [dispatcherServlet] in context with path [] threw exception [Request processing failed: org.springframework.http.converter.HttpMessageConversionException: Type definition error: [simple type, class java.time.LocalDateTime]] with root cause

com.fasterxml.jackson.databind.exc.InvalidDefinitionException: Java 8 date/time type `java.time.LocalDateTime` not supported by default: add Module "com.fasterxml.jackson.datatype:jackson-datatype-jsr310" to enable handling (through reference chain: java.util.ArrayList[0]->com.connection.database.entity.Transaction["transactionDate"])
	at com.fasterxml.jackson.databind.exc.InvalidDefinitionException.from(InvalidDefinitionException.java:77) ~[jackson-databind-2.18.1.jar:2.18.1]
	at com.fasterxml.jackson.databind.SerializerProvider.reportBadDefinition(SerializerProvider.java:1328) ~[jackson-databind-2.18.1.jar:2.18.1]
	at com.fasterxml.jackson.databind.ser.impl.UnsupportedTypeSerializer.serialize(UnsupportedTypeSerializer.java:35) ~[jackson-databind-2.18.1.jar:2.18.1]
	at com.fasterxml.jackson.databind.ser.BeanPropertyWriter.serializeAsField(BeanPropertyWriter.java:732) ~[jackson-databind-2.18.1.jar:2.18.1]
	at com.fasterxml.jackson.databind.ser.std.BeanSerializerBase.serializeFields(BeanSerializerBase.java:770) ~[jackson-databind-2.18.1.jar:2.18.1]
	at com.fasterxml.jackson.databind.ser.std.BeanSerializerBase.serializeWithType(BeanSerializerBase.java:653) ~[jackson-databind-2.18.1.jar:2.18.1]
	at com.fasterxml.jackson.databind.ser.impl.IndexedListSerializer.serializeTypedContents(IndexedListSerializer.java:181) ~[jackson-databind-2.18.1.jar:2.18.1]
	at com.fasterxml.jackson.databind.ser.impl.IndexedListSerializer.serializeContents(IndexedListSerializer.java:92) ~[jackson-databind-2.18.1.jar:2.18.1]
	at com.fasterxml.jackson.databind.ser.impl.IndexedListSerializer.serializeContents(IndexedListSerializer.java:18) ~[jackson-databind-2.18.1.jar:2.18.1]
	at com.fasterxml.jackson.databind.ser.std.AsArraySerializerBase.serializeWithType(AsArraySerializerBase.java:266) ~[jackson-databind-2.18.1.jar:2.18.1]
	at com.fasterxml.jackson.databind.ser.impl.TypeWrappedSerializer.serialize(TypeWrappedSerializer.java:32) ~[jackson-databind-2.18.1.jar:2.18.1]
	at com.fasterxml.jackson.databind.ser.DefaultSerializerProvider._serialize(DefaultSerializerProvider.java:502) ~[jackson-databind-2.18.1.jar:2.18.1]
	at com.fasterxml.jackson.databind.ser.DefaultSerializerProvider.serializeValue(DefaultSerializerProvider.java:341) ~[jackson-databind-2.18.1.jar:2.18.1]
	at com.fasterxml.jackson.databind.ObjectWriter$Prefetch.serialize(ObjectWriter.java:1583) ~[jackson-databind-2.18.1.jar:2.18.1]
	at com.fasterxml.jackson.databind.ObjectWriter.writeValue(ObjectWriter.java:1061) ~[jackson-databind-2.18.1.jar:2.18.1]
	at org.springframework.http.converter.json.AbstractJackson2HttpMessageConverter.writeInternal(AbstractJackson2HttpMessageConverter.java:486) ~[spring-web-6.2.0.jar:6.2.0]
	at org.springframework.http.converter.AbstractGenericHttpMessageConverter.write(AbstractGenericHttpMessageConverter.java:126) ~[spring-web-6.2.0.jar:6.2.0]
	at org.springframework.web.servlet.mvc.method.annotation.AbstractMessageConverterMethodProcessor.writeWithMessageConverters(AbstractMessageConverterMethodProcessor.java:345) ~[spring-webmvc-6.2.0.jar:6.2.0]
	at org.springframework.web.servlet.mvc.method.annotation.HttpEntityMethodProcessor.handleReturnValue(HttpEntityMethodProcessor.java:261) ~[spring-webmvc-6.2.0.jar:6.2.0]
	at org.springframework.web.method.support.HandlerMethodReturnValueHandlerComposite.handleReturnValue(HandlerMethodReturnValueHandlerComposite.java:78) ~[spring-web-6.2.0.jar:6.2.0]
	at org.springframework.web.servlet.mvc.method.annotation.ServletInvocableHandlerMethod.invokeAndHandle(ServletInvocableHandlerMethod.java:136) ~[spring-webmvc-6.2.0.jar:6.2.0]
	at org.springframework.web.servlet.mvc.method.annotation.RequestMappingHandlerAdapter.invokeHandlerMethod(RequestMappingHandlerAdapter.java:986) ~[spring-webmvc-6.2.0.jar:6.2.0]
	at org.springframework.web.servlet.mvc.method.annotation.RequestMappingHandlerAdapter.handleInternal(RequestMappingHandlerAdapter.java:891) ~[spring-webmvc-6.2.0.jar:6.2.0]
	at org.springframework.web.servlet.mvc.method.AbstractHandlerMethodAdapter.handle(AbstractHandlerMethodAdapter.java:87) ~[spring-webmvc-6.2.0.jar:6.2.0]
	at org.springframework.web.servlet.DispatcherServlet.doDispatch(DispatcherServlet.java:1088) ~[spring-webmvc-6.2.0.jar:6.2.0]
	at org.springframework.web.servlet.DispatcherServlet.doService(DispatcherServlet.java:978) ~[spring-webmvc-6.2.0.jar:6.2.0]
	at org.springframework.web.servlet.FrameworkServlet.processRequest(FrameworkServlet.java:1014) ~[spring-webmvc-6.2.0.jar:6.2.0]
	at org.springframework.web.servlet.FrameworkServlet.doPost(FrameworkServlet.java:914) ~[spring-webmvc-6.2.0.jar:6.2.0]
	at jakarta.servlet.http.HttpServlet.service(HttpServlet.java:590) ~[tomcat-embed-core-10.1.33.jar:6.0]
	at org.springframework.web.servlet.FrameworkServlet.service(FrameworkServlet.java:885) ~[spring-webmvc-6.2.0.jar:6.2.0]
	at jakarta.servlet.http.HttpServlet.service(HttpServlet.java:658) ~[tomcat-embed-core-10.1.33.jar:6.0]
	at org.apache.catalina.core.ApplicationFilterChain.internalDoFilter(ApplicationFilterChain.java:195) ~[tomcat-embed-core-10.1.33.jar:10.1.33]
	at org.apache.catalina.core.ApplicationFilterChain.doFilter(ApplicationFilterChain.java:140) ~[tomcat-embed-core-10.1.33.jar:10.1.33]
	at org.apache.tomcat.websocket.server.WsFilter.doFilter(WsFilter.java:51) ~[tomcat-embed-websocket-10.1.33.jar:10.1.33]
	at org.apache.catalina.core.ApplicationFilterChain.internalDoFilter(ApplicationFilterChain.java:164) ~[tomcat-embed-core-10.1.33.jar:10.1.33]
	at org.apache.catalina.core.ApplicationFilterChain.doFilter(ApplicationFilterChain.java:140) ~[tomcat-embed-core-10.1.33.jar:10.1.33]
	at org.springframework.web.filter.RequestContextFilter.doFilterInternal(RequestContextFilter.java:100) ~[spring-web-6.2.0.jar:6.2.0]
	at org.springframework.web.filter.OncePerRequestFilter.doFilter(OncePerRequestFilter.java:116) ~[spring-web-6.2.0.jar:6.2.0]
	at org.apache.catalina.core.ApplicationFilterChain.internalDoFilter(ApplicationFilterChain.java:164) ~[tomcat-embed-core-10.1.33.jar:10.1.33]
	at org.apache.catalina.core.ApplicationFilterChain.doFilter(ApplicationFilterChain.java:140) ~[tomcat-embed-core-10.1.33.jar:10.1.33]
	at org.springframework.web.filter.FormContentFilter.doFilterInternal(FormContentFilter.java:93) ~[spring-web-6.2.0.jar:6.2.0]
	at org.springframework.web.filter.OncePerRequestFilter.doFilter(OncePerRequestFilter.java:116) ~[spring-web-6.2.0.jar:6.2.0]
	at org.apache.catalina.core.ApplicationFilterChain.internalDoFilter(ApplicationFilterChain.java:164) ~[tomcat-embed-core-10.1.33.jar:10.1.33]
	at org.apache.catalina.core.ApplicationFilterChain.doFilter(ApplicationFilterChain.java:140) ~[tomcat-embed-core-10.1.33.jar:10.1.33]
	at org.springframework.web.filter.CharacterEncodingFilter.doFilterInternal(CharacterEncodingFilter.java:201) ~[spring-web-6.2.0.jar:6.2.0]
	at org.springframework.web.filter.OncePerRequestFilter.doFilter(OncePerRequestFilter.java:116) ~[spring-web-6.2.0.jar:6.2.0]
	at org.apache.catalina.core.ApplicationFilterChain.internalDoFilter(ApplicationFilterChain.java:164) ~[tomcat-embed-core-10.1.33.jar:10.1.33]
	at org.apache.catalina.core.ApplicationFilterChain.doFilter(ApplicationFilterChain.java:140) ~[tomcat-embed-core-10.1.33.jar:10.1.33]
	at org.apache.catalina.core.StandardWrapperValve.invoke(StandardWrapperValve.java:167) ~[tomcat-embed-core-10.1.33.jar:10.1.33]
	at org.apache.catalina.core.StandardContextValve.invoke(StandardContextValve.java:90) ~[tomcat-embed-core-10.1.33.jar:10.1.33]
	at org.apache.catalina.authenticator.AuthenticatorBase.invoke(AuthenticatorBase.java:483) ~[tomcat-embed-core-10.1.33.jar:10.1.33]
	at org.apache.catalina.core.StandardHostValve.invoke(StandardHostValve.java:115) ~[tomcat-embed-core-10.1.33.jar:10.1.33]
	at org.apache.catalina.valves.ErrorReportValve.invoke(ErrorReportValve.java:93) ~[tomcat-embed-core-10.1.33.jar:10.1.33]
	at org.apache.catalina.core.StandardEngineValve.invoke(StandardEngineValve.java:74) ~[tomcat-embed-core-10.1.33.jar:10.1.33]
	at org.apache.catalina.connector.CoyoteAdapter.service(CoyoteAdapter.java:344) ~[tomcat-embed-core-10.1.33.jar:10.1.33]
	at org.apache.coyote.http11.Http11Processor.service(Http11Processor.java:397) ~[tomcat-embed-core-10.1.33.jar:10.1.33]
	at org.apache.coyote.AbstractProcessorLight.process(AbstractProcessorLight.java:63) ~[tomcat-embed-core-10.1.33.jar:10.1.33]
	at org.apache.coyote.AbstractProtocol$ConnectionHandler.process(AbstractProtocol.java:905) ~[tomcat-embed-core-10.1.33.jar:10.1.33]
	at org.apache.tomcat.util.net.NioEndpoint$SocketProcessor.doRun(NioEndpoint.java:1741) ~[tomcat-embed-core-10.1.33.jar:10.1.33]
	at org.apache.tomcat.util.net.SocketProcessorBase.run(SocketProcessorBase.java:52) ~[tomcat-embed-core-10.1.33.jar:10.1.33]
	at org.apache.tomcat.util.threads.ThreadPoolExecutor.runWorker(ThreadPoolExecutor.java:1190) ~[tomcat-embed-core-10.1.33.jar:10.1.33]
	at org.apache.tomcat.util.threads.ThreadPoolExecutor$Worker.run(ThreadPoolExecutor.java:659) ~[tomcat-embed-core-10.1.33.jar:10.1.33]
	at org.apache.tomcat.util.threads.TaskThread$WrappingRunnable.run(TaskThread.java:63) ~[tomcat-embed-core-10.1.33.jar:10.1.33]
	at java.base/java.lang.Thread.run(Thread.java:1583) ~[na:na]

2025-01-02T09:56:23.789+07:00  INFO 16604 --- [memory] [SpringApplicationShutdownHook] o.s.b.w.e.tomcat.GracefulShutdown        : Commencing graceful shutdown. Waiting for active requests to complete
2025-01-02T09:56:23.793+07:00  INFO 16604 --- [memory] [tomcat-shutdown] o.s.b.w.e.tomcat.GracefulShutdown        : Graceful shutdown complete
2025-01-02T09:56:23.915+07:00  INFO 16604 --- [memory] [SpringApplicationShutdownHook] j.LocalContainerEntityManagerFactoryBean : Closing JPA EntityManagerFactory for persistence unit 'default'
2025-01-02T09:56:23.917+07:00  INFO 16604 --- [memory] [SpringApplicationShutdownHook] com.zaxxer.hikari.HikariDataSource       : HikariPool-1 - Shutdown initiated...
2025-01-02T09:56:23.928+07:00  INFO 16604 --- [memory] [SpringApplicationShutdownHook] com.zaxxer.hikari.HikariDataSource       : HikariPool-1 - Shutdown completed.
2025-01-02T09:56:29.263+07:00  INFO 3532 --- [memory] [main] c.connection.database.MemoryApplication  : Starting MemoryApplication using Java 21.0.5 with PID 3532 (N:\Git Nhan Pham\this_is_java\spring\cache\memory\target\classes started by nhanph in N:\Git Nhan Pham\this_is_java\spring\cache\memory)
2025-01-02T09:56:29.264+07:00  INFO 3532 --- [memory] [main] c.connection.database.MemoryApplication  : No active profile set, falling back to 1 default profile: "default"
2025-01-02T09:56:29.575+07:00  INFO 3532 --- [memory] [main] .s.d.r.c.RepositoryConfigurationDelegate : Multiple Spring Data modules found, entering strict repository configuration mode
2025-01-02T09:56:29.576+07:00  INFO 3532 --- [memory] [main] .s.d.r.c.RepositoryConfigurationDelegate : Bootstrapping Spring Data JPA repositories in DEFAULT mode.
2025-01-02T09:56:29.649+07:00  INFO 3532 --- [memory] [main] .s.d.r.c.RepositoryConfigurationDelegate : Finished Spring Data repository scanning in 68 ms. Found 3 JPA repository interfaces.
2025-01-02T09:56:29.761+07:00  INFO 3532 --- [memory] [main] .s.d.r.c.RepositoryConfigurationDelegate : Multiple Spring Data modules found, entering strict repository configuration mode
2025-01-02T09:56:29.762+07:00  INFO 3532 --- [memory] [main] .s.d.r.c.RepositoryConfigurationDelegate : Bootstrapping Spring Data Redis repositories in DEFAULT mode.
2025-01-02T09:56:29.777+07:00  INFO 3532 --- [memory] [main] .RepositoryConfigurationExtensionSupport : Spring Data Redis - Could not safely identify store assignment for repository candidate interface com.connection.database.repository.jpa.AccountJPARepository; If you want this repository to be a Redis repository, consider annotating your entities with one of these annotations: org.springframework.data.redis.core.RedisHash (preferred), or consider extending one of the following types with your repository: org.springframework.data.keyvalue.repository.KeyValueRepository
2025-01-02T09:56:29.778+07:00  INFO 3532 --- [memory] [main] .RepositoryConfigurationExtensionSupport : Spring Data Redis - Could not safely identify store assignment for repository candidate interface com.connection.database.repository.jpa.CustomerJPARepository; If you want this repository to be a Redis repository, consider annotating your entities with one of these annotations: org.springframework.data.redis.core.RedisHash (preferred), or consider extending one of the following types with your repository: org.springframework.data.keyvalue.repository.KeyValueRepository
2025-01-02T09:56:29.778+07:00  INFO 3532 --- [memory] [main] .RepositoryConfigurationExtensionSupport : Spring Data Redis - Could not safely identify store assignment for repository candidate interface com.connection.database.repository.jpa.TransactionJPARepository; If you want this repository to be a Redis repository, consider annotating your entities with one of these annotations: org.springframework.data.redis.core.RedisHash (preferred), or consider extending one of the following types with your repository: org.springframework.data.keyvalue.repository.KeyValueRepository
2025-01-02T09:56:29.778+07:00  INFO 3532 --- [memory] [main] .s.d.r.c.RepositoryConfigurationDelegate : Finished Spring Data repository scanning in 10 ms. Found 0 Redis repository interfaces.
2025-01-02T09:56:30.128+07:00  INFO 3532 --- [memory] [main] o.s.b.w.embedded.tomcat.TomcatWebServer  : Tomcat initialized with port 8080 (http)
2025-01-02T09:56:30.137+07:00  INFO 3532 --- [memory] [main] o.apache.catalina.core.StandardService   : Starting service [Tomcat]
2025-01-02T09:56:30.137+07:00  INFO 3532 --- [memory] [main] o.apache.catalina.core.StandardEngine    : Starting Servlet engine: [Apache Tomcat/10.1.33]
2025-01-02T09:56:30.179+07:00  INFO 3532 --- [memory] [main] o.a.c.c.C.[Tomcat].[localhost].[/]       : Initializing Spring embedded WebApplicationContext
2025-01-02T09:56:30.179+07:00  INFO 3532 --- [memory] [main] w.s.c.ServletWebServerApplicationContext : Root WebApplicationContext: initialization completed in 890 ms
2025-01-02T09:56:30.220+07:00  INFO 3532 --- [memory] [main] com.zaxxer.hikari.HikariDataSource       : HikariPool-1 - Starting...
2025-01-02T09:56:30.492+07:00  INFO 3532 --- [memory] [main] com.zaxxer.hikari.pool.HikariPool        : HikariPool-1 - Added connection com.mysql.cj.jdbc.ConnectionImpl@6afbe6a1
2025-01-02T09:56:30.493+07:00  INFO 3532 --- [memory] [main] com.zaxxer.hikari.HikariDataSource       : HikariPool-1 - Start completed.
2025-01-02T09:56:30.549+07:00  INFO 3532 --- [memory] [main] o.hibernate.jpa.internal.util.LogHelper  : HHH000204: Processing PersistenceUnitInfo [name: default]
2025-01-02T09:56:30.594+07:00  INFO 3532 --- [memory] [main] org.hibernate.Version                    : HHH000412: Hibernate ORM core version 6.6.2.Final
2025-01-02T09:56:30.621+07:00  INFO 3532 --- [memory] [main] o.h.c.internal.RegionFactoryInitiator    : HHH000026: Second-level cache disabled
2025-01-02T09:56:30.820+07:00  INFO 3532 --- [memory] [main] o.s.o.j.p.SpringPersistenceUnitInfo      : No LoadTimeWeaver setup: ignoring JPA class transformer
2025-01-02T09:56:30.893+07:00  INFO 3532 --- [memory] [main] org.hibernate.orm.connections.pooling    : HHH10001005: Database info:
	Database JDBC URL [Connecting through datasource 'HikariDataSource (HikariPool-1)']
	Database driver: undefined/unknown
	Database version: 8.0.40
	Autocommit mode: undefined/unknown
	Isolation level: undefined/unknown
	Minimum pool size: undefined/unknown
	Maximum pool size: undefined/unknown
2025-01-02T09:56:33.580+07:00  INFO 3532 --- [memory] [main] o.h.e.t.j.p.i.JtaPlatformInitiator       : HHH000489: No JTA platform available (set 'hibernate.transaction.jta.platform' to enable JTA platform integration)
2025-01-02T09:56:33.621+07:00  INFO 3532 --- [memory] [main] j.LocalContainerEntityManagerFactoryBean : Initialized JPA EntityManagerFactory for persistence unit 'default'
2025-01-02T09:56:33.800+07:00  INFO 3532 --- [memory] [main] o.s.d.j.r.query.QueryEnhancerFactory     : Hibernate is in classpath; If applicable, HQL parser will be used.
2025-01-02T09:56:34.420+07:00  WARN 3532 --- [memory] [main] JpaBaseConfiguration$JpaWebConfiguration : spring.jpa.open-in-view is enabled by default. Therefore, database queries may be performed during view rendering. Explicitly configure spring.jpa.open-in-view to disable this warning
2025-01-02T09:56:34.631+07:00  INFO 3532 --- [memory] [main] o.s.b.w.embedded.tomcat.TomcatWebServer  : Tomcat started on port 8080 (http) with context path '/'
2025-01-02T09:56:34.636+07:00  INFO 3532 --- [memory] [main] c.connection.database.MemoryApplication  : Started MemoryApplication in 5.624 seconds (process running for 5.987)
2025-01-02T09:56:45.552+07:00  INFO 3532 --- [memory] [SpringApplicationShutdownHook] o.s.b.w.e.tomcat.GracefulShutdown        : Commencing graceful shutdown. Waiting for active requests to complete
2025-01-02T09:56:45.558+07:00  INFO 3532 --- [memory] [tomcat-shutdown] o.s.b.w.e.tomcat.GracefulShutdown        : Graceful shutdown complete
2025-01-02T09:56:45.676+07:00  INFO 3532 --- [memory] [SpringApplicationShutdownHook] j.LocalContainerEntityManagerFactoryBean : Closing JPA EntityManagerFactory for persistence unit 'default'
2025-01-02T09:56:45.677+07:00  INFO 3532 --- [memory] [SpringApplicationShutdownHook] com.zaxxer.hikari.HikariDataSource       : HikariPool-1 - Shutdown initiated...
2025-01-02T09:56:45.689+07:00  INFO 3532 --- [memory] [SpringApplicationShutdownHook] com.zaxxer.hikari.HikariDataSource       : HikariPool-1 - Shutdown completed.
2025-01-02T09:57:08.241+07:00  INFO 31044 --- [memory] [main] c.connection.database.MemoryApplication  : Starting MemoryApplication using Java 21.0.5 with PID 31044 (N:\Git Nhan Pham\this_is_java\spring\cache\memory\target\classes started by nhanph in N:\Git Nhan Pham\this_is_java\spring\cache\memory)
2025-01-02T09:57:08.242+07:00  INFO 31044 --- [memory] [main] c.connection.database.MemoryApplication  : No active profile set, falling back to 1 default profile: "default"
2025-01-02T09:57:08.543+07:00  INFO 31044 --- [memory] [main] .s.d.r.c.RepositoryConfigurationDelegate : Multiple Spring Data modules found, entering strict repository configuration mode
2025-01-02T09:57:08.543+07:00  INFO 31044 --- [memory] [main] .s.d.r.c.RepositoryConfigurationDelegate : Bootstrapping Spring Data JPA repositories in DEFAULT mode.
2025-01-02T09:57:08.618+07:00  INFO 31044 --- [memory] [main] .s.d.r.c.RepositoryConfigurationDelegate : Finished Spring Data repository scanning in 69 ms. Found 3 JPA repository interfaces.
2025-01-02T09:57:08.738+07:00  INFO 31044 --- [memory] [main] .s.d.r.c.RepositoryConfigurationDelegate : Multiple Spring Data modules found, entering strict repository configuration mode
2025-01-02T09:57:08.738+07:00  INFO 31044 --- [memory] [main] .s.d.r.c.RepositoryConfigurationDelegate : Bootstrapping Spring Data Redis repositories in DEFAULT mode.
2025-01-02T09:57:08.754+07:00  INFO 31044 --- [memory] [main] .RepositoryConfigurationExtensionSupport : Spring Data Redis - Could not safely identify store assignment for repository candidate interface com.connection.database.repository.jpa.AccountJPARepository; If you want this repository to be a Redis repository, consider annotating your entities with one of these annotations: org.springframework.data.redis.core.RedisHash (preferred), or consider extending one of the following types with your repository: org.springframework.data.keyvalue.repository.KeyValueRepository
2025-01-02T09:57:08.754+07:00  INFO 31044 --- [memory] [main] .RepositoryConfigurationExtensionSupport : Spring Data Redis - Could not safely identify store assignment for repository candidate interface com.connection.database.repository.jpa.CustomerJPARepository; If you want this repository to be a Redis repository, consider annotating your entities with one of these annotations: org.springframework.data.redis.core.RedisHash (preferred), or consider extending one of the following types with your repository: org.springframework.data.keyvalue.repository.KeyValueRepository
2025-01-02T09:57:08.754+07:00  INFO 31044 --- [memory] [main] .RepositoryConfigurationExtensionSupport : Spring Data Redis - Could not safely identify store assignment for repository candidate interface com.connection.database.repository.jpa.TransactionJPARepository; If you want this repository to be a Redis repository, consider annotating your entities with one of these annotations: org.springframework.data.redis.core.RedisHash (preferred), or consider extending one of the following types with your repository: org.springframework.data.keyvalue.repository.KeyValueRepository
2025-01-02T09:57:08.754+07:00  INFO 31044 --- [memory] [main] .s.d.r.c.RepositoryConfigurationDelegate : Finished Spring Data repository scanning in 10 ms. Found 0 Redis repository interfaces.
2025-01-02T09:57:09.052+07:00  INFO 31044 --- [memory] [main] o.s.b.w.embedded.tomcat.TomcatWebServer  : Tomcat initialized with port 8080 (http)
2025-01-02T09:57:09.060+07:00  INFO 31044 --- [memory] [main] o.apache.catalina.core.StandardService   : Starting service [Tomcat]
2025-01-02T09:57:09.060+07:00  INFO 31044 --- [memory] [main] o.apache.catalina.core.StandardEngine    : Starting Servlet engine: [Apache Tomcat/10.1.33]
2025-01-02T09:57:09.089+07:00  INFO 31044 --- [memory] [main] o.a.c.c.C.[Tomcat].[localhost].[/]       : Initializing Spring embedded WebApplicationContext
2025-01-02T09:57:09.089+07:00  INFO 31044 --- [memory] [main] w.s.c.ServletWebServerApplicationContext : Root WebApplicationContext: initialization completed in 825 ms
2025-01-02T09:57:09.128+07:00  INFO 31044 --- [memory] [main] com.zaxxer.hikari.HikariDataSource       : HikariPool-1 - Starting...
2025-01-02T09:57:09.311+07:00  INFO 31044 --- [memory] [main] com.zaxxer.hikari.pool.HikariPool        : HikariPool-1 - Added connection com.mysql.cj.jdbc.ConnectionImpl@5345dfe8
2025-01-02T09:57:09.312+07:00  INFO 31044 --- [memory] [main] com.zaxxer.hikari.HikariDataSource       : HikariPool-1 - Start completed.
2025-01-02T09:57:09.354+07:00  INFO 31044 --- [memory] [main] o.hibernate.jpa.internal.util.LogHelper  : HHH000204: Processing PersistenceUnitInfo [name: default]
2025-01-02T09:57:09.383+07:00  INFO 31044 --- [memory] [main] org.hibernate.Version                    : HHH000412: Hibernate ORM core version 6.6.2.Final
2025-01-02T09:57:09.404+07:00  INFO 31044 --- [memory] [main] o.h.c.internal.RegionFactoryInitiator    : HHH000026: Second-level cache disabled
2025-01-02T09:57:09.562+07:00  INFO 31044 --- [memory] [main] o.s.o.j.p.SpringPersistenceUnitInfo      : No LoadTimeWeaver setup: ignoring JPA class transformer
2025-01-02T09:57:09.627+07:00  INFO 31044 --- [memory] [main] org.hibernate.orm.connections.pooling    : HHH10001005: Database info:
	Database JDBC URL [Connecting through datasource 'HikariDataSource (HikariPool-1)']
	Database driver: undefined/unknown
	Database version: 8.0.40
	Autocommit mode: undefined/unknown
	Isolation level: undefined/unknown
	Minimum pool size: undefined/unknown
	Maximum pool size: undefined/unknown
2025-01-02T09:57:10.141+07:00  INFO 31044 --- [memory] [main] o.h.e.t.j.p.i.JtaPlatformInitiator       : HHH000489: No JTA platform available (set 'hibernate.transaction.jta.platform' to enable JTA platform integration)
2025-01-02T09:57:10.368+07:00  INFO 31044 --- [memory] [main] j.LocalContainerEntityManagerFactoryBean : Initialized JPA EntityManagerFactory for persistence unit 'default'
2025-01-02T09:57:10.540+07:00  INFO 31044 --- [memory] [main] o.s.d.j.r.query.QueryEnhancerFactory     : Hibernate is in classpath; If applicable, HQL parser will be used.
2025-01-02T09:57:11.147+07:00  WARN 31044 --- [memory] [main] JpaBaseConfiguration$JpaWebConfiguration : spring.jpa.open-in-view is enabled by default. Therefore, database queries may be performed during view rendering. Explicitly configure spring.jpa.open-in-view to disable this warning
2025-01-02T09:57:11.392+07:00  INFO 31044 --- [memory] [main] o.s.b.w.embedded.tomcat.TomcatWebServer  : Tomcat started on port 8080 (http) with context path '/'
2025-01-02T09:57:11.400+07:00  INFO 31044 --- [memory] [main] c.connection.database.MemoryApplication  : Started MemoryApplication in 3.395 seconds (process running for 3.727)
2025-01-02T09:57:27.246+07:00  INFO 31044 --- [memory] [http-nio-8080-exec-2] o.a.c.c.C.[Tomcat].[localhost].[/]       : Initializing Spring DispatcherServlet 'dispatcherServlet'
2025-01-02T09:57:27.246+07:00  INFO 31044 --- [memory] [http-nio-8080-exec-2] o.s.web.servlet.DispatcherServlet        : Initializing Servlet 'dispatcherServlet'
2025-01-02T09:57:27.247+07:00  INFO 31044 --- [memory] [http-nio-8080-exec-2] o.s.web.servlet.DispatcherServlet        : Completed initialization in 1 ms
2025-01-02T09:58:09.245+07:00  INFO 31044 --- [memory] [SpringApplicationShutdownHook] o.s.b.w.e.tomcat.GracefulShutdown        : Commencing graceful shutdown. Waiting for active requests to complete
2025-01-02T09:58:09.249+07:00  INFO 31044 --- [memory] [tomcat-shutdown] o.s.b.w.e.tomcat.GracefulShutdown        : Graceful shutdown complete
2025-01-02T09:58:09.372+07:00  INFO 31044 --- [memory] [SpringApplicationShutdownHook] j.LocalContainerEntityManagerFactoryBean : Closing JPA EntityManagerFactory for persistence unit 'default'
2025-01-02T09:58:09.374+07:00  INFO 31044 --- [memory] [SpringApplicationShutdownHook] com.zaxxer.hikari.HikariDataSource       : HikariPool-1 - Shutdown initiated...
2025-01-02T09:58:09.382+07:00  INFO 31044 --- [memory] [SpringApplicationShutdownHook] com.zaxxer.hikari.HikariDataSource       : HikariPool-1 - Shutdown completed.
2025-01-02T09:58:14.684+07:00  INFO 42916 --- [memory] [main] c.connection.database.MemoryApplication  : Starting MemoryApplication using Java 21.0.5 with PID 42916 (N:\Git Nhan Pham\this_is_java\spring\cache\memory\target\classes started by nhanph in N:\Git Nhan Pham\this_is_java\spring\cache\memory)
2025-01-02T09:58:14.686+07:00  INFO 42916 --- [memory] [main] c.connection.database.MemoryApplication  : No active profile set, falling back to 1 default profile: "default"
2025-01-02T09:58:14.973+07:00  INFO 42916 --- [memory] [main] .s.d.r.c.RepositoryConfigurationDelegate : Multiple Spring Data modules found, entering strict repository configuration mode
2025-01-02T09:58:14.973+07:00  INFO 42916 --- [memory] [main] .s.d.r.c.RepositoryConfigurationDelegate : Bootstrapping Spring Data JPA repositories in DEFAULT mode.
2025-01-02T09:58:15.044+07:00  INFO 42916 --- [memory] [main] .s.d.r.c.RepositoryConfigurationDelegate : Finished Spring Data repository scanning in 65 ms. Found 3 JPA repository interfaces.
2025-01-02T09:58:15.157+07:00  INFO 42916 --- [memory] [main] .s.d.r.c.RepositoryConfigurationDelegate : Multiple Spring Data modules found, entering strict repository configuration mode
2025-01-02T09:58:15.158+07:00  INFO 42916 --- [memory] [main] .s.d.r.c.RepositoryConfigurationDelegate : Bootstrapping Spring Data Redis repositories in DEFAULT mode.
2025-01-02T09:58:15.174+07:00  INFO 42916 --- [memory] [main] .RepositoryConfigurationExtensionSupport : Spring Data Redis - Could not safely identify store assignment for repository candidate interface com.connection.database.repository.jpa.AccountJPARepository; If you want this repository to be a Redis repository, consider annotating your entities with one of these annotations: org.springframework.data.redis.core.RedisHash (preferred), or consider extending one of the following types with your repository: org.springframework.data.keyvalue.repository.KeyValueRepository
2025-01-02T09:58:15.175+07:00  INFO 42916 --- [memory] [main] .RepositoryConfigurationExtensionSupport : Spring Data Redis - Could not safely identify store assignment for repository candidate interface com.connection.database.repository.jpa.CustomerJPARepository; If you want this repository to be a Redis repository, consider annotating your entities with one of these annotations: org.springframework.data.redis.core.RedisHash (preferred), or consider extending one of the following types with your repository: org.springframework.data.keyvalue.repository.KeyValueRepository
2025-01-02T09:58:15.175+07:00  INFO 42916 --- [memory] [main] .RepositoryConfigurationExtensionSupport : Spring Data Redis - Could not safely identify store assignment for repository candidate interface com.connection.database.repository.jpa.TransactionJPARepository; If you want this repository to be a Redis repository, consider annotating your entities with one of these annotations: org.springframework.data.redis.core.RedisHash (preferred), or consider extending one of the following types with your repository: org.springframework.data.keyvalue.repository.KeyValueRepository
2025-01-02T09:58:15.175+07:00  INFO 42916 --- [memory] [main] .s.d.r.c.RepositoryConfigurationDelegate : Finished Spring Data repository scanning in 11 ms. Found 0 Redis repository interfaces.
2025-01-02T09:58:15.482+07:00  INFO 42916 --- [memory] [main] o.s.b.w.embedded.tomcat.TomcatWebServer  : Tomcat initialized with port 8080 (http)
2025-01-02T09:58:15.491+07:00  INFO 42916 --- [memory] [main] o.apache.catalina.core.StandardService   : Starting service [Tomcat]
2025-01-02T09:58:15.491+07:00  INFO 42916 --- [memory] [main] o.apache.catalina.core.StandardEngine    : Starting Servlet engine: [Apache Tomcat/10.1.33]
2025-01-02T09:58:15.525+07:00  INFO 42916 --- [memory] [main] o.a.c.c.C.[Tomcat].[localhost].[/]       : Initializing Spring embedded WebApplicationContext
2025-01-02T09:58:15.525+07:00  INFO 42916 --- [memory] [main] w.s.c.ServletWebServerApplicationContext : Root WebApplicationContext: initialization completed in 815 ms
2025-01-02T09:58:15.558+07:00  INFO 42916 --- [memory] [main] com.zaxxer.hikari.HikariDataSource       : HikariPool-1 - Starting...
2025-01-02T09:58:15.741+07:00  INFO 42916 --- [memory] [main] com.zaxxer.hikari.pool.HikariPool        : HikariPool-1 - Added connection com.mysql.cj.jdbc.ConnectionImpl@388be5fd
2025-01-02T09:58:15.742+07:00  INFO 42916 --- [memory] [main] com.zaxxer.hikari.HikariDataSource       : HikariPool-1 - Start completed.
2025-01-02T09:58:15.785+07:00  INFO 42916 --- [memory] [main] o.hibernate.jpa.internal.util.LogHelper  : HHH000204: Processing PersistenceUnitInfo [name: default]
2025-01-02T09:58:15.812+07:00  INFO 42916 --- [memory] [main] org.hibernate.Version                    : HHH000412: Hibernate ORM core version 6.6.2.Final
2025-01-02T09:58:15.831+07:00  INFO 42916 --- [memory] [main] o.h.c.internal.RegionFactoryInitiator    : HHH000026: Second-level cache disabled
2025-01-02T09:58:15.987+07:00  INFO 42916 --- [memory] [main] o.s.o.j.p.SpringPersistenceUnitInfo      : No LoadTimeWeaver setup: ignoring JPA class transformer
2025-01-02T09:58:16.053+07:00  INFO 42916 --- [memory] [main] org.hibernate.orm.connections.pooling    : HHH10001005: Database info:
	Database JDBC URL [Connecting through datasource 'HikariDataSource (HikariPool-1)']
	Database driver: undefined/unknown
	Database version: 8.0.40
	Autocommit mode: undefined/unknown
	Isolation level: undefined/unknown
	Minimum pool size: undefined/unknown
	Maximum pool size: undefined/unknown
2025-01-02T09:58:16.567+07:00  INFO 42916 --- [memory] [main] o.h.e.t.j.p.i.JtaPlatformInitiator       : HHH000489: No JTA platform available (set 'hibernate.transaction.jta.platform' to enable JTA platform integration)
2025-01-02T09:58:16.604+07:00  INFO 42916 --- [memory] [main] j.LocalContainerEntityManagerFactoryBean : Initialized JPA EntityManagerFactory for persistence unit 'default'
2025-01-02T09:58:16.770+07:00  INFO 42916 --- [memory] [main] o.s.d.j.r.query.QueryEnhancerFactory     : Hibernate is in classpath; If applicable, HQL parser will be used.
2025-01-02T09:58:17.334+07:00  WARN 42916 --- [memory] [main] JpaBaseConfiguration$JpaWebConfiguration : spring.jpa.open-in-view is enabled by default. Therefore, database queries may be performed during view rendering. Explicitly configure spring.jpa.open-in-view to disable this warning
2025-01-02T09:58:17.570+07:00  INFO 42916 --- [memory] [main] o.s.b.w.embedded.tomcat.TomcatWebServer  : Tomcat started on port 8080 (http) with context path '/'
2025-01-02T09:58:17.575+07:00  INFO 42916 --- [memory] [main] c.connection.database.MemoryApplication  : Started MemoryApplication in 3.131 seconds (process running for 3.464)
2025-01-02T09:58:28.541+07:00  INFO 42916 --- [memory] [SpringApplicationShutdownHook] o.s.b.w.e.tomcat.GracefulShutdown        : Commencing graceful shutdown. Waiting for active requests to complete
2025-01-02T09:58:28.546+07:00  INFO 42916 --- [memory] [tomcat-shutdown] o.s.b.w.e.tomcat.GracefulShutdown        : Graceful shutdown complete
2025-01-02T09:58:28.663+07:00  INFO 42916 --- [memory] [SpringApplicationShutdownHook] j.LocalContainerEntityManagerFactoryBean : Closing JPA EntityManagerFactory for persistence unit 'default'
2025-01-02T09:58:28.664+07:00  INFO 42916 --- [memory] [SpringApplicationShutdownHook] com.zaxxer.hikari.HikariDataSource       : HikariPool-1 - Shutdown initiated...
2025-01-02T09:58:28.673+07:00  INFO 42916 --- [memory] [SpringApplicationShutdownHook] com.zaxxer.hikari.HikariDataSource       : HikariPool-1 - Shutdown completed.
2025-01-02T09:58:30.320+07:00  INFO 29460 --- [memory] [main] c.connection.database.MemoryApplication  : Starting MemoryApplication using Java 21.0.5 with PID 29460 (N:\Git Nhan Pham\this_is_java\spring\cache\memory\target\classes started by nhanph in N:\Git Nhan Pham\this_is_java\spring\cache\memory)
2025-01-02T09:58:30.321+07:00  INFO 29460 --- [memory] [main] c.connection.database.MemoryApplication  : No active profile set, falling back to 1 default profile: "default"
2025-01-02T09:58:30.623+07:00  INFO 29460 --- [memory] [main] .s.d.r.c.RepositoryConfigurationDelegate : Multiple Spring Data modules found, entering strict repository configuration mode
2025-01-02T09:58:30.623+07:00  INFO 29460 --- [memory] [main] .s.d.r.c.RepositoryConfigurationDelegate : Bootstrapping Spring Data JPA repositories in DEFAULT mode.
2025-01-02T09:58:30.697+07:00  INFO 29460 --- [memory] [main] .s.d.r.c.RepositoryConfigurationDelegate : Finished Spring Data repository scanning in 68 ms. Found 3 JPA repository interfaces.
2025-01-02T09:58:30.814+07:00  INFO 29460 --- [memory] [main] .s.d.r.c.RepositoryConfigurationDelegate : Multiple Spring Data modules found, entering strict repository configuration mode
2025-01-02T09:58:30.814+07:00  INFO 29460 --- [memory] [main] .s.d.r.c.RepositoryConfigurationDelegate : Bootstrapping Spring Data Redis repositories in DEFAULT mode.
2025-01-02T09:58:30.829+07:00  INFO 29460 --- [memory] [main] .RepositoryConfigurationExtensionSupport : Spring Data Redis - Could not safely identify store assignment for repository candidate interface com.connection.database.repository.jpa.AccountJPARepository; If you want this repository to be a Redis repository, consider annotating your entities with one of these annotations: org.springframework.data.redis.core.RedisHash (preferred), or consider extending one of the following types with your repository: org.springframework.data.keyvalue.repository.KeyValueRepository
2025-01-02T09:58:30.829+07:00  INFO 29460 --- [memory] [main] .RepositoryConfigurationExtensionSupport : Spring Data Redis - Could not safely identify store assignment for repository candidate interface com.connection.database.repository.jpa.CustomerJPARepository; If you want this repository to be a Redis repository, consider annotating your entities with one of these annotations: org.springframework.data.redis.core.RedisHash (preferred), or consider extending one of the following types with your repository: org.springframework.data.keyvalue.repository.KeyValueRepository
2025-01-02T09:58:30.829+07:00  INFO 29460 --- [memory] [main] .RepositoryConfigurationExtensionSupport : Spring Data Redis - Could not safely identify store assignment for repository candidate interface com.connection.database.repository.jpa.TransactionJPARepository; If you want this repository to be a Redis repository, consider annotating your entities with one of these annotations: org.springframework.data.redis.core.RedisHash (preferred), or consider extending one of the following types with your repository: org.springframework.data.keyvalue.repository.KeyValueRepository
2025-01-02T09:58:30.829+07:00  INFO 29460 --- [memory] [main] .s.d.r.c.RepositoryConfigurationDelegate : Finished Spring Data repository scanning in 10 ms. Found 0 Redis repository interfaces.
2025-01-02T09:58:31.124+07:00  INFO 29460 --- [memory] [main] o.s.b.w.embedded.tomcat.TomcatWebServer  : Tomcat initialized with port 8080 (http)
2025-01-02T09:58:31.131+07:00  INFO 29460 --- [memory] [main] o.apache.catalina.core.StandardService   : Starting service [Tomcat]
2025-01-02T09:58:31.131+07:00  INFO 29460 --- [memory] [main] o.apache.catalina.core.StandardEngine    : Starting Servlet engine: [Apache Tomcat/10.1.33]
2025-01-02T09:58:31.165+07:00  INFO 29460 --- [memory] [main] o.a.c.c.C.[Tomcat].[localhost].[/]       : Initializing Spring embedded WebApplicationContext
2025-01-02T09:58:31.165+07:00  INFO 29460 --- [memory] [main] w.s.c.ServletWebServerApplicationContext : Root WebApplicationContext: initialization completed in 816 ms
2025-01-02T09:58:31.200+07:00  INFO 29460 --- [memory] [main] com.zaxxer.hikari.HikariDataSource       : HikariPool-1 - Starting...
2025-01-02T09:58:31.382+07:00  INFO 29460 --- [memory] [main] com.zaxxer.hikari.pool.HikariPool        : HikariPool-1 - Added connection com.mysql.cj.jdbc.ConnectionImpl@59328218
2025-01-02T09:58:31.383+07:00  INFO 29460 --- [memory] [main] com.zaxxer.hikari.HikariDataSource       : HikariPool-1 - Start completed.
2025-01-02T09:58:31.426+07:00  INFO 29460 --- [memory] [main] o.hibernate.jpa.internal.util.LogHelper  : HHH000204: Processing PersistenceUnitInfo [name: default]
2025-01-02T09:58:31.453+07:00  INFO 29460 --- [memory] [main] org.hibernate.Version                    : HHH000412: Hibernate ORM core version 6.6.2.Final
2025-01-02T09:58:31.471+07:00  INFO 29460 --- [memory] [main] o.h.c.internal.RegionFactoryInitiator    : HHH000026: Second-level cache disabled
2025-01-02T09:58:31.627+07:00  INFO 29460 --- [memory] [main] o.s.o.j.p.SpringPersistenceUnitInfo      : No LoadTimeWeaver setup: ignoring JPA class transformer
2025-01-02T09:58:31.696+07:00  INFO 29460 --- [memory] [main] org.hibernate.orm.connections.pooling    : HHH10001005: Database info:
	Database JDBC URL [Connecting through datasource 'HikariDataSource (HikariPool-1)']
	Database driver: undefined/unknown
	Database version: 8.0.40
	Autocommit mode: undefined/unknown
	Isolation level: undefined/unknown
	Minimum pool size: undefined/unknown
	Maximum pool size: undefined/unknown
2025-01-02T09:58:32.213+07:00  INFO 29460 --- [memory] [main] o.h.e.t.j.p.i.JtaPlatformInitiator       : HHH000489: No JTA platform available (set 'hibernate.transaction.jta.platform' to enable JTA platform integration)
2025-01-02T09:59:18.092+07:00  INFO 18200 --- [memory] [main] c.connection.database.MemoryApplication  : Starting MemoryApplication using Java 21.0.5 with PID 18200 (N:\Git Nhan Pham\this_is_java\spring\cache\memory\target\classes started by nhanph in N:\Git Nhan Pham\this_is_java\spring\cache\memory)
2025-01-02T09:59:18.093+07:00  INFO 18200 --- [memory] [main] c.connection.database.MemoryApplication  : No active profile set, falling back to 1 default profile: "default"
2025-01-02T09:59:18.406+07:00  INFO 18200 --- [memory] [main] .s.d.r.c.RepositoryConfigurationDelegate : Multiple Spring Data modules found, entering strict repository configuration mode
2025-01-02T09:59:18.406+07:00  INFO 18200 --- [memory] [main] .s.d.r.c.RepositoryConfigurationDelegate : Bootstrapping Spring Data JPA repositories in DEFAULT mode.
2025-01-02T09:59:18.479+07:00  INFO 18200 --- [memory] [main] .s.d.r.c.RepositoryConfigurationDelegate : Finished Spring Data repository scanning in 67 ms. Found 3 JPA repository interfaces.
2025-01-02T09:59:18.594+07:00  INFO 18200 --- [memory] [main] .s.d.r.c.RepositoryConfigurationDelegate : Multiple Spring Data modules found, entering strict repository configuration mode
2025-01-02T09:59:18.595+07:00  INFO 18200 --- [memory] [main] .s.d.r.c.RepositoryConfigurationDelegate : Bootstrapping Spring Data Redis repositories in DEFAULT mode.
2025-01-02T09:59:18.611+07:00  INFO 18200 --- [memory] [main] .RepositoryConfigurationExtensionSupport : Spring Data Redis - Could not safely identify store assignment for repository candidate interface com.connection.database.repository.jpa.AccountJPARepository; If you want this repository to be a Redis repository, consider annotating your entities with one of these annotations: org.springframework.data.redis.core.RedisHash (preferred), or consider extending one of the following types with your repository: org.springframework.data.keyvalue.repository.KeyValueRepository
2025-01-02T09:59:18.611+07:00  INFO 18200 --- [memory] [main] .RepositoryConfigurationExtensionSupport : Spring Data Redis - Could not safely identify store assignment for repository candidate interface com.connection.database.repository.jpa.CustomerJPARepository; If you want this repository to be a Redis repository, consider annotating your entities with one of these annotations: org.springframework.data.redis.core.RedisHash (preferred), or consider extending one of the following types with your repository: org.springframework.data.keyvalue.repository.KeyValueRepository
2025-01-02T09:59:18.611+07:00  INFO 18200 --- [memory] [main] .RepositoryConfigurationExtensionSupport : Spring Data Redis - Could not safely identify store assignment for repository candidate interface com.connection.database.repository.jpa.TransactionJPARepository; If you want this repository to be a Redis repository, consider annotating your entities with one of these annotations: org.springframework.data.redis.core.RedisHash (preferred), or consider extending one of the following types with your repository: org.springframework.data.keyvalue.repository.KeyValueRepository
2025-01-02T09:59:18.611+07:00  INFO 18200 --- [memory] [main] .s.d.r.c.RepositoryConfigurationDelegate : Finished Spring Data repository scanning in 10 ms. Found 0 Redis repository interfaces.
2025-01-02T09:59:18.911+07:00  INFO 18200 --- [memory] [main] o.s.b.w.embedded.tomcat.TomcatWebServer  : Tomcat initialized with port 8080 (http)
2025-01-02T09:59:18.919+07:00  INFO 18200 --- [memory] [main] o.apache.catalina.core.StandardService   : Starting service [Tomcat]
2025-01-02T09:59:18.919+07:00  INFO 18200 --- [memory] [main] o.apache.catalina.core.StandardEngine    : Starting Servlet engine: [Apache Tomcat/10.1.33]
2025-01-02T09:59:18.949+07:00  INFO 18200 --- [memory] [main] o.a.c.c.C.[Tomcat].[localhost].[/]       : Initializing Spring embedded WebApplicationContext
2025-01-02T09:59:18.949+07:00  INFO 18200 --- [memory] [main] w.s.c.ServletWebServerApplicationContext : Root WebApplicationContext: initialization completed in 830 ms
2025-01-02T09:59:18.989+07:00  INFO 18200 --- [memory] [main] com.zaxxer.hikari.HikariDataSource       : HikariPool-1 - Starting...
2025-01-02T09:59:19.175+07:00  INFO 18200 --- [memory] [main] com.zaxxer.hikari.pool.HikariPool        : HikariPool-1 - Added connection com.mysql.cj.jdbc.ConnectionImpl@8f2e3e6
2025-01-02T09:59:19.177+07:00  INFO 18200 --- [memory] [main] com.zaxxer.hikari.HikariDataSource       : HikariPool-1 - Start completed.
2025-01-02T09:59:19.219+07:00  INFO 18200 --- [memory] [main] o.hibernate.jpa.internal.util.LogHelper  : HHH000204: Processing PersistenceUnitInfo [name: default]
2025-01-02T09:59:19.248+07:00  INFO 18200 --- [memory] [main] org.hibernate.Version                    : HHH000412: Hibernate ORM core version 6.6.2.Final
2025-01-02T09:59:19.265+07:00  INFO 18200 --- [memory] [main] o.h.c.internal.RegionFactoryInitiator    : HHH000026: Second-level cache disabled
2025-01-02T09:59:19.433+07:00  INFO 18200 --- [memory] [main] o.s.o.j.p.SpringPersistenceUnitInfo      : No LoadTimeWeaver setup: ignoring JPA class transformer
2025-01-02T09:59:19.500+07:00  INFO 18200 --- [memory] [main] org.hibernate.orm.connections.pooling    : HHH10001005: Database info:
	Database JDBC URL [Connecting through datasource 'HikariDataSource (HikariPool-1)']
	Database driver: undefined/unknown
	Database version: 8.0.40
	Autocommit mode: undefined/unknown
	Isolation level: undefined/unknown
	Minimum pool size: undefined/unknown
	Maximum pool size: undefined/unknown
2025-01-02T09:59:20.040+07:00  INFO 18200 --- [memory] [main] o.h.e.t.j.p.i.JtaPlatformInitiator       : HHH000489: No JTA platform available (set 'hibernate.transaction.jta.platform' to enable JTA platform integration)
2025-01-02T10:02:05.961+07:00  INFO 10896 --- [memory] [main] c.connection.database.MemoryApplication  : Starting MemoryApplication using Java 21.0.5 with PID 10896 (N:\Git Nhan Pham\this_is_java\spring\cache\memory\target\classes started by nhanph in N:\Git Nhan Pham\this_is_java\spring\cache\memory)
2025-01-02T10:02:05.962+07:00  INFO 10896 --- [memory] [main] c.connection.database.MemoryApplication  : No active profile set, falling back to 1 default profile: "default"
2025-01-02T10:02:06.245+07:00  INFO 10896 --- [memory] [main] .s.d.r.c.RepositoryConfigurationDelegate : Multiple Spring Data modules found, entering strict repository configuration mode
2025-01-02T10:02:06.245+07:00  INFO 10896 --- [memory] [main] .s.d.r.c.RepositoryConfigurationDelegate : Bootstrapping Spring Data JPA repositories in DEFAULT mode.
2025-01-02T10:02:06.318+07:00  INFO 10896 --- [memory] [main] .s.d.r.c.RepositoryConfigurationDelegate : Finished Spring Data repository scanning in 67 ms. Found 3 JPA repository interfaces.
2025-01-02T10:02:06.428+07:00  INFO 10896 --- [memory] [main] .s.d.r.c.RepositoryConfigurationDelegate : Multiple Spring Data modules found, entering strict repository configuration mode
2025-01-02T10:02:06.429+07:00  INFO 10896 --- [memory] [main] .s.d.r.c.RepositoryConfigurationDelegate : Bootstrapping Spring Data Redis repositories in DEFAULT mode.
2025-01-02T10:02:06.444+07:00  INFO 10896 --- [memory] [main] .RepositoryConfigurationExtensionSupport : Spring Data Redis - Could not safely identify store assignment for repository candidate interface com.connection.database.repository.jpa.AccountJPARepository; If you want this repository to be a Redis repository, consider annotating your entities with one of these annotations: org.springframework.data.redis.core.RedisHash (preferred), or consider extending one of the following types with your repository: org.springframework.data.keyvalue.repository.KeyValueRepository
2025-01-02T10:02:06.445+07:00  INFO 10896 --- [memory] [main] .RepositoryConfigurationExtensionSupport : Spring Data Redis - Could not safely identify store assignment for repository candidate interface com.connection.database.repository.jpa.CustomerJPARepository; If you want this repository to be a Redis repository, consider annotating your entities with one of these annotations: org.springframework.data.redis.core.RedisHash (preferred), or consider extending one of the following types with your repository: org.springframework.data.keyvalue.repository.KeyValueRepository
2025-01-02T10:02:06.445+07:00  INFO 10896 --- [memory] [main] .RepositoryConfigurationExtensionSupport : Spring Data Redis - Could not safely identify store assignment for repository candidate interface com.connection.database.repository.jpa.TransactionJPARepository; If you want this repository to be a Redis repository, consider annotating your entities with one of these annotations: org.springframework.data.redis.core.RedisHash (preferred), or consider extending one of the following types with your repository: org.springframework.data.keyvalue.repository.KeyValueRepository
2025-01-02T10:02:06.445+07:00  INFO 10896 --- [memory] [main] .s.d.r.c.RepositoryConfigurationDelegate : Finished Spring Data repository scanning in 10 ms. Found 0 Redis repository interfaces.
2025-01-02T10:02:06.738+07:00  INFO 10896 --- [memory] [main] o.s.b.w.embedded.tomcat.TomcatWebServer  : Tomcat initialized with port 8080 (http)
2025-01-02T10:02:06.745+07:00  INFO 10896 --- [memory] [main] o.apache.catalina.core.StandardService   : Starting service [Tomcat]
2025-01-02T10:02:06.746+07:00  INFO 10896 --- [memory] [main] o.apache.catalina.core.StandardEngine    : Starting Servlet engine: [Apache Tomcat/10.1.33]
2025-01-02T10:02:06.778+07:00  INFO 10896 --- [memory] [main] o.a.c.c.C.[Tomcat].[localhost].[/]       : Initializing Spring embedded WebApplicationContext
2025-01-02T10:02:06.779+07:00  INFO 10896 --- [memory] [main] w.s.c.ServletWebServerApplicationContext : Root WebApplicationContext: initialization completed in 792 ms
2025-01-02T10:02:06.815+07:00  INFO 10896 --- [memory] [main] com.zaxxer.hikari.HikariDataSource       : HikariPool-1 - Starting...
2025-01-02T10:02:06.997+07:00  INFO 10896 --- [memory] [main] com.zaxxer.hikari.pool.HikariPool        : HikariPool-1 - Added connection com.mysql.cj.jdbc.ConnectionImpl@14457a95
2025-01-02T10:02:06.998+07:00  INFO 10896 --- [memory] [main] com.zaxxer.hikari.HikariDataSource       : HikariPool-1 - Start completed.
2025-01-02T10:02:07.040+07:00  INFO 10896 --- [memory] [main] o.hibernate.jpa.internal.util.LogHelper  : HHH000204: Processing PersistenceUnitInfo [name: default]
2025-01-02T10:02:07.068+07:00  INFO 10896 --- [memory] [main] org.hibernate.Version                    : HHH000412: Hibernate ORM core version 6.6.2.Final
2025-01-02T10:02:07.085+07:00  INFO 10896 --- [memory] [main] o.h.c.internal.RegionFactoryInitiator    : HHH000026: Second-level cache disabled
2025-01-02T10:02:07.238+07:00  INFO 10896 --- [memory] [main] o.s.o.j.p.SpringPersistenceUnitInfo      : No LoadTimeWeaver setup: ignoring JPA class transformer
2025-01-02T10:02:07.305+07:00  INFO 10896 --- [memory] [main] org.hibernate.orm.connections.pooling    : HHH10001005: Database info:
	Database JDBC URL [Connecting through datasource 'HikariDataSource (HikariPool-1)']
	Database driver: undefined/unknown
	Database version: 8.0.40
	Autocommit mode: undefined/unknown
	Isolation level: undefined/unknown
	Minimum pool size: undefined/unknown
	Maximum pool size: undefined/unknown
2025-01-02T10:02:07.805+07:00  INFO 10896 --- [memory] [main] o.h.e.t.j.p.i.JtaPlatformInitiator       : HHH000489: No JTA platform available (set 'hibernate.transaction.jta.platform' to enable JTA platform integration)
2025-01-02T10:02:43.600+07:00  INFO 10896 --- [memory] [main] j.LocalContainerEntityManagerFactoryBean : Initialized JPA EntityManagerFactory for persistence unit 'default'
2025-01-02T10:02:43.928+07:00  INFO 10896 --- [memory] [main] o.s.d.j.r.query.QueryEnhancerFactory     : Hibernate is in classpath; If applicable, HQL parser will be used.
2025-01-02T10:02:45.122+07:00  WARN 10896 --- [memory] [main] JpaBaseConfiguration$JpaWebConfiguration : spring.jpa.open-in-view is enabled by default. Therefore, database queries may be performed during view rendering. Explicitly configure spring.jpa.open-in-view to disable this warning
2025-01-02T10:02:45.599+07:00  INFO 10896 --- [memory] [main] o.s.b.w.embedded.tomcat.TomcatWebServer  : Tomcat started on port 8080 (http) with context path '/'
2025-01-02T10:02:45.604+07:00  INFO 10896 --- [memory] [main] c.connection.database.MemoryApplication  : Started MemoryApplication in 39.879 seconds (process running for 40.209)
2025-01-02T10:04:30.183+07:00  INFO 10896 --- [memory] [http-nio-8080-exec-1] o.a.c.c.C.[Tomcat].[localhost].[/]       : Initializing Spring DispatcherServlet 'dispatcherServlet'
2025-01-02T10:04:30.184+07:00  INFO 10896 --- [memory] [http-nio-8080-exec-1] o.s.web.servlet.DispatcherServlet        : Initializing Servlet 'dispatcherServlet'
2025-01-02T10:04:30.185+07:00  INFO 10896 --- [memory] [http-nio-8080-exec-1] o.s.web.servlet.DispatcherServlet        : Completed initialization in 1 ms
